<?xml version="1.0" encoding="UTF-8"?>
<!-- Generated by org.testng.reporters.JUnitReportReporter -->
<testsuite hostname="DESKTOP-8MHIK2P" failures="0" tests="1" name="Tests.BasicTests" time="116.592" errors="0" timestamp="2021-06-21T11:46:10 BST" skipped="0">
  <testcase classname="Tests.BasicTests" name="Seleniumfirst" time="116.592"/>
  <system-out/>
</testsuite> <!-- Tests.BasicTests -->
